[2016-04-03 23:21:24] START
[2016-04-03 23:21:35] CREATE db1.py: 0
[2016-04-05 10:55:23] EDIT torrent/models/db.py: -16
[2016-04-05 10:56:08] EDIT torrent/models/db1.py: 0
[2016-04-05 11:06:49] EDIT torrent/models/db.py: 0
[2016-04-05 14:03:58] EDIT torrent/models/db1.py: -1
[2016-04-05 14:04:10] EDIT torrent/controllers/default.py: -1
[2016-04-11 19:22:49] EDIT torrent/views/default/view_projects_in_categories.html: 0
[2016-04-11 19:22:49] EDIT torrent/views/default/view_projects_in_categories.html: 0
[2016-04-11 19:22:50] EDIT torrent/views/default/view_projects_in_categories.html: 0
[2016-04-12 19:29:31] EDIT torrent/models/db1.py: 55
[2016-04-12 19:29:54] EDIT torrent/models/db1.py: 1
[2016-04-12 19:31:14] EDIT torrent/models/db1.py: 1
[2016-04-12 19:32:43] EDIT torrent/models/db1.py: 0
[2016-04-13 10:54:09] EDIT torrent/models/menu.py: -1
[2016-04-13 10:54:11] EDIT torrent/models/menu.py: 0
[2016-04-13 10:55:11] EDIT torrent/models/menu.py: -34
[2016-04-13 10:55:23] EDIT torrent/models/menu.py: 0
[2016-04-13 10:55:24] EDIT torrent/models/menu.py: 0
[2016-04-13 10:55:25] EDIT torrent/models/menu.py: 0
[2016-04-13 10:56:28] EDIT torrent/models/menu.py: 0
[2016-04-13 10:56:28] EDIT torrent/models/menu.py: 0
[2016-04-13 10:56:29] EDIT torrent/models/menu.py: 0
[2016-04-13 10:56:31] EDIT torrent/models/menu.py: 0
[2016-04-21 19:54:04] EDIT projectpartager/controllers/default.py: 0
[2016-04-22 01:00:27] EDIT projectpartager/views/layout.html: 0
[2016-04-25 19:36:04] EDIT projectpartager/views/default/home.html: 10
[2016-04-25 19:37:15] EDIT projectpartager/views/default/home.html: 0
[2016-04-25 19:37:22] EDIT projectpartager/views/default/home.html: 0
[2016-04-25 19:37:28] EDIT projectpartager/views/default/index.html: 0
